neothesia-android/android-project/app/build/intermediates/manifest_merge_blame_file/debug/processDebugMainManifest/manifest-merger-blame-debug-report.txt
1<?xml version="1.0" encoding="utf-8"?>
2<manifest xmlns:android="http://schemas.android.com/apk/res/android"
3    package="com.pianopro.app"
4    android:versionCode="1"
5    android:versionName="0.4.0" >
6
7    <uses-sdk
8        android:minSdkVersion="26"
9        android:targetSdkVersion="35" />
10
11    <uses-feature
11-->src/main/AndroidManifest.xml:4:5-79
12        android:glEsVersion="0x00030000"
12-->src/main/AndroidManifest.xml:4:19-51
13        android:required="false" />
13-->src/main/AndroidManifest.xml:4:52-76
14    <uses-feature
14-->src/main/AndroidManifest.xml:5:5-91
15        android:name="android.hardware.vulkan.level"
15-->src/main/AndroidManifest.xml:5:19-63
16        android:required="false" />
16-->src/main/AndroidManifest.xml:5:64-88
17
18    <application
18-->src/main/AndroidManifest.xml:7:5-27:19
19        android:debuggable="true"
20        android:extractNativeLibs="false"
21        android:label="PianoPro" >
21-->src/main/AndroidManifest.xml:8:9-33
22        <activity
22-->src/main/AndroidManifest.xml:10:9-26:20
23            android:name="com.pianopro.app.MainActivity"
23-->src/main/AndroidManifest.xml:11:13-57
24            android:configChanges="orientation|keyboardHidden|keyboard|screenSize|locale|uiMode|screenLayout|smallestScreenSize|density"
24-->src/main/AndroidManifest.xml:15:13-137
25            android:exported="true"
25-->src/main/AndroidManifest.xml:13:13-36
26            android:label="PianoPro"
26-->src/main/AndroidManifest.xml:12:13-37
27            android:screenOrientation="landscape"
27-->src/main/AndroidManifest.xml:14:13-50
28            android:windowSoftInputMode="adjustResize" >
28-->src/main/AndroidManifest.xml:16:13-55
29            <meta-data
29-->src/main/AndroidManifest.xml:18:13-20:53
30                android:name="android.app.lib_name"
30-->src/main/AndroidManifest.xml:19:17-52
31                android:value="neothesia_android" />
31-->src/main/AndroidManifest.xml:20:17-50
32
33            <intent-filter>
33-->src/main/AndroidManifest.xml:22:13-25:29
34                <action android:name="android.intent.action.MAIN" />
34-->src/main/AndroidManifest.xml:23:17-69
34-->src/main/AndroidManifest.xml:23:25-66
35
36                <category android:name="android.intent.category.LAUNCHER" />
36-->src/main/AndroidManifest.xml:24:17-77
36-->src/main/AndroidManifest.xml:24:27-74
37            </intent-filter>
38        </activity>
39    </application>
40
41</manifest>